2023-09-16 08:19:41,593:WARNING:/Users/rahugup4/Library/Python/3.9/lib/python/site-packages/sklearn/base.py:347: InconsistentVersionWarning: Trying to unpickle estimator SimpleImputer from version 1.2.2 when using version 1.3.0. This might lead to breaking code or invalid results. Use at your own risk. For more info please refer to:
https://scikit-learn.org/stable/model_persistence.html#security-maintainability-limitations
  warnings.warn(

2023-09-16 08:19:41,594:WARNING:/Users/rahugup4/Library/Python/3.9/lib/python/site-packages/sklearn/base.py:347: InconsistentVersionWarning: Trying to unpickle estimator ExtraTreeClassifier from version 1.2.2 when using version 1.3.0. This might lead to breaking code or invalid results. Use at your own risk. For more info please refer to:
https://scikit-learn.org/stable/model_persistence.html#security-maintainability-limitations
  warnings.warn(

2023-09-16 08:19:41,594:WARNING:/Users/rahugup4/Library/Python/3.9/lib/python/site-packages/sklearn/base.py:347: InconsistentVersionWarning: Trying to unpickle estimator ExtraTreesClassifier from version 1.2.2 when using version 1.3.0. This might lead to breaking code or invalid results. Use at your own risk. For more info please refer to:
https://scikit-learn.org/stable/model_persistence.html#security-maintainability-limitations
  warnings.warn(

2023-09-16 08:19:42,548:WARNING:/usr/local/lib/python3.9/site-packages/pycaret/internal/pipeline.py:135: UserWarning: Version mismatch:
current: {'deps_info': {'pip': '22.1.1', 'setuptools': '62.3.2', 'pycaret': '3.0.4', 'IPython': '8.1.0', 'ipywidgets': 'Not installed', 'tqdm': '4.66.1', 'numpy': '1.22.2', 'pandas': '1.4.1', 'jinja2': '3.0.3', 'scipy': '1.9.0', 'joblib': '1.1.0', 'sklearn': '1.1.1', 'pyod': '1.1.0', 'imblearn': '0.9.1', 'category_encoders': '2.5.0', 'lightgbm': '4.0.0', 'numba': '0.57.1', 'requests': '2.25.1', 'matplotlib': '3.5.2', 'scikitplot': '0.3.7', 'yellowbrick': '1.5', 'plotly': '5.7.0', 'plotly-resampler': 'Not installed', 'kaleido': '0.2.1', 'schemdraw': '0.15', 'statsmodels': '0.13.2', 'sktime': '0.22.0', 'tbats': '1.1.3', 'pmdarima': '2.0.3', 'psutil': '5.9.0', 'markupsafe': '2.0.1', 'pickle5': 'Not installed', 'cloudpickle': '2.2.1', 'deprecation': '2.1.0', 'xxhash': '3.3.0', 'wurlitzer': '3.0.3'}, 'python': {'version': '3.9.13', 'machine': 'x86_64'}}
pickle: {'deps_info': {'pip': '22.1.1', 'setuptools': '62.3.2', 'pycaret': '3.0.4', 'IPython': '8.1.0', 'ipywidgets': '8.1.0', 'tqdm': '4.66.1', 'numpy': '1.22.2', 'pandas': '1.4.1', 'jinja2': '3.0.3', 'scipy': '1.9.0', 'joblib': '1.1.0', 'sklearn': '1.1.1', 'pyod': '1.1.0', 'imblearn': '0.9.1', 'category_encoders': '2.5.0', 'lightgbm': '4.0.0', 'numba': '0.57.1', 'requests': '2.25.1', 'matplotlib': '3.5.2', 'scikitplot': '0.3.7', 'yellowbrick': '1.5', 'plotly': '5.7.0', 'plotly-resampler': 'Not installed', 'kaleido': '0.2.1', 'schemdraw': '0.15', 'statsmodels': '0.13.2', 'sktime': '0.22.0', 'tbats': '1.1.3', 'pmdarima': '2.0.3', 'psutil': '5.9.0', 'markupsafe': '2.0.1', 'pickle5': 'Not installed', 'cloudpickle': '2.2.1', 'deprecation': '2.1.0', 'xxhash': '3.3.0', 'wurlitzer': '3.0.3'}, 'python': {'version': '3.9.13', 'machine': 'x86_64'}}
  warnings.warn(

2023-09-16 08:32:37,219:WARNING:/Users/rahugup4/Library/Python/3.9/lib/python/site-packages/sklearn/base.py:347: InconsistentVersionWarning: Trying to unpickle estimator SimpleImputer from version 1.2.2 when using version 1.3.0. This might lead to breaking code or invalid results. Use at your own risk. For more info please refer to:
https://scikit-learn.org/stable/model_persistence.html#security-maintainability-limitations
  warnings.warn(

2023-09-16 08:32:37,220:WARNING:/Users/rahugup4/Library/Python/3.9/lib/python/site-packages/sklearn/base.py:347: InconsistentVersionWarning: Trying to unpickle estimator ExtraTreeClassifier from version 1.2.2 when using version 1.3.0. This might lead to breaking code or invalid results. Use at your own risk. For more info please refer to:
https://scikit-learn.org/stable/model_persistence.html#security-maintainability-limitations
  warnings.warn(

2023-09-16 08:32:37,220:WARNING:/Users/rahugup4/Library/Python/3.9/lib/python/site-packages/sklearn/base.py:347: InconsistentVersionWarning: Trying to unpickle estimator ExtraTreesClassifier from version 1.2.2 when using version 1.3.0. This might lead to breaking code or invalid results. Use at your own risk. For more info please refer to:
https://scikit-learn.org/stable/model_persistence.html#security-maintainability-limitations
  warnings.warn(

2023-09-16 08:32:37,999:WARNING:/usr/local/lib/python3.9/site-packages/pycaret/internal/pipeline.py:135: UserWarning: Version mismatch:
current: {'deps_info': {'pip': '22.1.1', 'setuptools': '62.3.2', 'pycaret': '3.0.4', 'IPython': '8.1.0', 'ipywidgets': 'Not installed', 'tqdm': '4.66.1', 'numpy': '1.22.2', 'pandas': '1.4.1', 'jinja2': '3.0.3', 'scipy': '1.9.0', 'joblib': '1.1.0', 'sklearn': '1.1.1', 'pyod': '1.1.0', 'imblearn': '0.9.1', 'category_encoders': '2.5.0', 'lightgbm': '4.0.0', 'numba': '0.57.1', 'requests': '2.25.1', 'matplotlib': '3.5.2', 'scikitplot': '0.3.7', 'yellowbrick': '1.5', 'plotly': '5.7.0', 'plotly-resampler': 'Not installed', 'kaleido': '0.2.1', 'schemdraw': '0.15', 'statsmodels': '0.13.2', 'sktime': '0.22.0', 'tbats': '1.1.3', 'pmdarima': '2.0.3', 'psutil': '5.9.0', 'markupsafe': '2.0.1', 'pickle5': 'Not installed', 'cloudpickle': '2.2.1', 'deprecation': '2.1.0', 'xxhash': '3.3.0', 'wurlitzer': '3.0.3'}, 'python': {'version': '3.9.13', 'machine': 'x86_64'}}
pickle: {'deps_info': {'pip': '22.1.1', 'setuptools': '62.3.2', 'pycaret': '3.0.4', 'IPython': '8.1.0', 'ipywidgets': '8.1.0', 'tqdm': '4.66.1', 'numpy': '1.22.2', 'pandas': '1.4.1', 'jinja2': '3.0.3', 'scipy': '1.9.0', 'joblib': '1.1.0', 'sklearn': '1.1.1', 'pyod': '1.1.0', 'imblearn': '0.9.1', 'category_encoders': '2.5.0', 'lightgbm': '4.0.0', 'numba': '0.57.1', 'requests': '2.25.1', 'matplotlib': '3.5.2', 'scikitplot': '0.3.7', 'yellowbrick': '1.5', 'plotly': '5.7.0', 'plotly-resampler': 'Not installed', 'kaleido': '0.2.1', 'schemdraw': '0.15', 'statsmodels': '0.13.2', 'sktime': '0.22.0', 'tbats': '1.1.3', 'pmdarima': '2.0.3', 'psutil': '5.9.0', 'markupsafe': '2.0.1', 'pickle5': 'Not installed', 'cloudpickle': '2.2.1', 'deprecation': '2.1.0', 'xxhash': '3.3.0', 'wurlitzer': '3.0.3'}, 'python': {'version': '3.9.13', 'machine': 'x86_64'}}
  warnings.warn(

2023-09-17 07:00:14,766:WARNING:/Users/rahugup4/Library/Python/3.9/lib/python/site-packages/sklearn/base.py:347: InconsistentVersionWarning: Trying to unpickle estimator SimpleImputer from version 1.2.2 when using version 1.3.0. This might lead to breaking code or invalid results. Use at your own risk. For more info please refer to:
https://scikit-learn.org/stable/model_persistence.html#security-maintainability-limitations
  warnings.warn(

2023-09-17 07:00:14,767:WARNING:/Users/rahugup4/Library/Python/3.9/lib/python/site-packages/sklearn/base.py:347: InconsistentVersionWarning: Trying to unpickle estimator ExtraTreeClassifier from version 1.2.2 when using version 1.3.0. This might lead to breaking code or invalid results. Use at your own risk. For more info please refer to:
https://scikit-learn.org/stable/model_persistence.html#security-maintainability-limitations
  warnings.warn(

2023-09-17 07:00:14,767:WARNING:/Users/rahugup4/Library/Python/3.9/lib/python/site-packages/sklearn/base.py:347: InconsistentVersionWarning: Trying to unpickle estimator ExtraTreesClassifier from version 1.2.2 when using version 1.3.0. This might lead to breaking code or invalid results. Use at your own risk. For more info please refer to:
https://scikit-learn.org/stable/model_persistence.html#security-maintainability-limitations
  warnings.warn(

2023-09-17 07:00:15,915:WARNING:/usr/local/lib/python3.9/site-packages/pycaret/internal/pipeline.py:135: UserWarning: Version mismatch:
current: {'deps_info': {'pip': '22.1.1', 'setuptools': '62.3.2', 'pycaret': '3.0.4', 'IPython': '8.1.0', 'ipywidgets': 'Not installed', 'tqdm': '4.66.1', 'numpy': '1.22.2', 'pandas': '1.4.1', 'jinja2': '3.0.3', 'scipy': '1.9.0', 'joblib': '1.1.0', 'sklearn': '1.1.1', 'pyod': '1.1.0', 'imblearn': '0.9.1', 'category_encoders': '2.5.0', 'lightgbm': '4.1.0', 'numba': '0.57.1', 'requests': '2.25.1', 'matplotlib': '3.5.2', 'scikitplot': '0.3.7', 'yellowbrick': '1.5', 'plotly': '5.7.0', 'plotly-resampler': 'Not installed', 'kaleido': '0.2.1', 'schemdraw': '0.15', 'statsmodels': '0.13.2', 'sktime': '0.22.0', 'tbats': '1.1.3', 'pmdarima': '2.0.3', 'psutil': '5.9.0', 'markupsafe': '2.0.1', 'pickle5': 'Not installed', 'cloudpickle': '2.2.1', 'deprecation': '2.1.0', 'xxhash': '3.3.0', 'wurlitzer': '3.0.3'}, 'python': {'version': '3.9.13', 'machine': 'x86_64'}}
pickle: {'deps_info': {'pip': '22.1.1', 'setuptools': '62.3.2', 'pycaret': '3.0.4', 'IPython': '8.1.0', 'ipywidgets': '8.1.0', 'tqdm': '4.66.1', 'numpy': '1.22.2', 'pandas': '1.4.1', 'jinja2': '3.0.3', 'scipy': '1.9.0', 'joblib': '1.1.0', 'sklearn': '1.1.1', 'pyod': '1.1.0', 'imblearn': '0.9.1', 'category_encoders': '2.5.0', 'lightgbm': '4.0.0', 'numba': '0.57.1', 'requests': '2.25.1', 'matplotlib': '3.5.2', 'scikitplot': '0.3.7', 'yellowbrick': '1.5', 'plotly': '5.7.0', 'plotly-resampler': 'Not installed', 'kaleido': '0.2.1', 'schemdraw': '0.15', 'statsmodels': '0.13.2', 'sktime': '0.22.0', 'tbats': '1.1.3', 'pmdarima': '2.0.3', 'psutil': '5.9.0', 'markupsafe': '2.0.1', 'pickle5': 'Not installed', 'cloudpickle': '2.2.1', 'deprecation': '2.1.0', 'xxhash': '3.3.0', 'wurlitzer': '3.0.3'}, 'python': {'version': '3.9.13', 'machine': 'x86_64'}}
  warnings.warn(

